BTaskAndNote-IndividualDB/build/app/outputs/mapping/release/seeds.txt
com.example.sharing_app.MainActivity: MainActivity()
com.example.sharing_app.MainActivity
...
androidx.vectordrawable.graphics.drawable.VectorDrawableCompat$VectorDrawableDelegateState
androidx.appcompat.widget.ContentFrameLayout: android.util.TypedValue getMinWidthMinor()
com.google.firebase.inappmessaging.ClientAppInfo: int bitField0_
io.grpc.internal.GrpcUtil$Http2Error: io.grpc.internal.GrpcUtil$Http2Error valueOf(java.lang.String)
io.flutter.embedding.engine.FlutterJNI: void nativeSurfaceCreated(long,android.view.Surface)
android.support.v4.media.session.PlaybackStateCompat
androidx.appcompat.widget.ActionBarContextView: void setContentHeight(int)
com.google.internal.firebase.inappmessaging.v1.sdkserving.ClientAppInfo: java.lang.String appInstanceId_
com.dexterous.flutterlocalnotifications.models.NotificationDetails: java.lang.Boolean channelShowBadge
com.google.firebase.inappmessaging.MessagesProto$Button: com.google.firebase.inappmessaging.MessagesProto$Text text_
androidx.constraintlayout.widget.Barrier: int getType()
com.google.firestore.v1.TransactionOptions$ReadOnly: int consistencySelectorCase_
androidx.lifecycle.ReportFragment$LifecycleCallbacks: void onActivityPaused(android.app.Activity)
com.google.android.gms.internal.measurement.zzel: java.lang.String zzi
io.grpc.okhttp.NegotiationType: io.grpc.okhttp.NegotiationType[] values()
com.google.firebase.firestore.proto.MaybeDocument: int documentTypeCase_
com.dexterous.flutterlocalnotifications.models.styles.BigPictureStyleInformation: java.lang.Object bigPicture
androidx.appcompat.widget.SearchView: void setOnQueryTextFocusChangeListener(android.view.View$OnFocusChangeListener)
org.threeten.bp.OffsetDateTime: java.lang.Object readResolve()
android.support.v4.media.RatingCompat: android.os.Parcelable$Creator CREATOR
com.bumptech.glide.GeneratedAppGlideModule: GeneratedAppGlideModule()
androidx.lifecycle.SingleGeneratedAdapterObserver
androidx.lifecycle.Lifecycle$Event: androidx.lifecycle.Lifecycle$Event ON_DESTROY
com.google.android.gms.internal.measurement.zzfq: int zze
com.google.firebase.inappmessaging.MessagesProto$CardMessage: int PRIMARY_ACTION_FIELD_NUMBER
com.dexterous.flutterlocalnotifications.models.NotificationDetails: java.lang.String TIME_ZONE_NAME
io.flutter.embedding.engine.mutatorsstack.FlutterMutatorsStack: void pushClipRect(int,int,int,int)
com.google.android.gms.measurement.AppMeasurement$ConditionalUserProperty: java.lang.Object mValue
io.flutter.view.AccessibilityViewEmbedder: void setFlutterNodesTranslateBounds(android.view.accessibility.AccessibilityNodeInfo,android.graphics.Rect,android.view.accessibility.AccessibilityNodeInfo)
com.google.android.gms.internal.measurement.zzfy: java.lang.String zzF
com.google.internal.firebase.inappmessaging.v1.CampaignProto$ExperimentalCampaignPayload: com.google.firebase.inappmessaging.ExperimentPayloadProto$ExperimentPayload experimentPayload_
androidx.appcompat.widget.AppCompatTextView: void setLastBaselineToBottomHeight(int)
org.threeten.bp.chrono.JapaneseDate
com.google.android.gms.internal.measurement.zzgt: com.google.android.gms.internal.measurement.zzgt zza
io.grpc.InternalChannelz$ChannelTrace$Event$Severity: io.grpc.InternalChannelz$ChannelTrace$Event$Severity[] values()
com.dexterous.flutterlocalnotifications.models.styles.BigTextStyleInformation: java.lang.String bigText
androidx.appcompat.widget.ActionBarOverlayLayout: void setWindowCallback(android.view.Window$Callback)
io.flutter.embedding.engine.FlutterJNI: boolean nativeFlutterTextUtilsIsRegionalIndicator(int)
androidx.appcompat.widget.SearchView: void setQuery(java.lang.CharSequence)
com.google.android.gms.internal.measurement.zzes: com.google.android.gms.internal.measurement.zzel zzh
androidx.vectordrawable.graphics.drawable.VectorDrawableCompat$VPathRenderer: int getRootAlpha()
com.google.android.gms.internal.measurement.zzfa: boolean zzg
com.google.firebase.inappmessaging.CampaignAnalytics: int DISMISS_TYPE_FIELD_NUMBER
com.dexterous.flutterlocalnotifications.FlutterLocalNotificationsPlugin: com.google.gson.Gson gson