BTaskAndNote-IndividualDB/build/app/outputs/mapping/release/mapping.txt
# compiler: R8
# compiler_version: 2.1.62
# min_api: 16
# pg_map_id: 31613c4
# common_typos_disable
com.example.sharing_app.MainActivity -> com.example.sharing_app.MainActivity:
    java.lang.String channel -> m
    void configureFlutterEngine(io.flutter.embedding.engine.FlutterEngine) -> A
    java.util.List access$getContactList(com.example.sharing_app.MainActivity) -> M
    java.lang.String access$getPhoneNumber(com.example.sharing_app.MainActivity) -> N
    boolean access$requestReadContactsPermissions(com.example.sharing_app.MainActivity) -> O
    java.util.List getContactList() -> P
    java.lang.String getPhoneNumber() -> Q
    boolean requestReadContactsPermissions() -> R
com.example.sharing_app.MainActivity$configureFlutterEngine$1 -> com.example.sharing_app.MainActivity$a:
    com.example.sharing_app.MainActivity this$0 -> a
...
com.google.firebase.inappmessaging.internal.-$$Lambda$MetricsLoggerClient$2OdTOuGu1VIastRWHfr41nnopOg -> com.google.firebase.inappmessaging.j0.m1:
    com.google.firebase.inappmessaging.model.InAppMessage f$1 -> b
    com.google.firebase.inappmessaging.internal.MetricsLoggerClient f$0 -> a
    void onSuccess(java.lang.Object) -> d
com.google.firebase.inappmessaging.internal.-$$Lambda$MetricsLoggerClient$Vjj0xroFvcWmskoFOZvItYvzNjo -> com.google.firebase.inappmessaging.j0.n1:
    com.google.firebase.inappmessaging.model.InAppMessage f$1 -> b
    com.google.firebase.inappmessaging.FirebaseInAppMessagingDisplayCallbacks$InAppMessagingErrorReason f$2 -> c
    com.google.firebase.inappmessaging.internal.MetricsLoggerClient f$0 -> a
    void onSuccess(java.lang.Object) -> d
com.google.firebase.inappmessaging.internal.-$$Lambda$MetricsLoggerClient$t5_YwB-tTWAGeoqbnBBUsBTyiIU -> com.google.firebase.inappmessaging.j0.o1:
    com.google.firebase.inappmessaging.model.InAppMessage f$1 -> b
    com.google.firebase.inappmessaging.internal.MetricsLoggerClient f$0 -> a
    void onSuccess(java.lang.Object) -> d
com.google.firebase.inappmessaging.internal.-$$Lambda$MetricsLoggerClient$u5tu0O9p0MX_3E6EWZHhiJDARQY -> com.google.firebase.inappmessaging.j0.p1:
    com.google.firebase.inappmessaging.FirebaseInAppMessagingDisplayCallbacks$InAppMessagingDismissType f$2 -> c
    com.google.firebase.inappmessaging.model.InAppMessage f$1 -> b
    com.google.firebase.inappmessaging.internal.MetricsLoggerClient f$0 -> a
    void onSuccess(java.lang.Object) -> d
com.google.firebase.inappmessaging.internal.-$$Lambda$ProtoStorageClient$AHlGVOuaI-HzU71SUoAqMt-GITM -> com.google.firebase.inappmessaging.j0.q1:
    com.google.firebase.inappmessaging.internal.ProtoStorageClient f$0 -> k
    com.google.protobuf.AbstractMessageLite f$1 -> l
com.google.firebase.inappmessaging.internal.-$$Lambda$ProtoStorageClient$wgl9_Wxhr-f40A4WcaGqygPRPFo -> com.google.firebase.inappmessaging.j0.r1:
    com.google.firebase.inappmessaging.internal.ProtoStorageClient f$0 -> k
    com.google.protobuf.Parser f$1 -> l
com.google.firebase.inappmessaging.internal.-$$Lambda$ProxyAnalyticsConnector$ProxyAnalyticsConnectorHandle$BK4g5eldgrUmAIy3cmAH6ILzw0w -> com.google.firebase.inappmessaging.j0.s1:
    com.google.firebase.inappmessaging.internal.ProxyAnalyticsConnector$ProxyAnalyticsConnectorHandle f$0 -> a
    com.google.firebase.analytics.connector.AnalyticsConnector$AnalyticsConnectorListener f$2 -> c
    java.lang.String f$1 -> b
    void handle(com.google.firebase.inject.Provider) -> a
com.google.firebase.inappmessaging.internal.-$$Lambda$ProxyAnalyticsConnector$fC6K2U2gpvz9jZjYJNy-12TIBm8 -> com.google.firebase.inappmessaging.j0.t1:
    com.google.firebase.inappmessaging.internal.ProxyAnalyticsConnector f$0 -> a
    void handle(com.google.firebase.inject.Provider) -> a
com.google.firebase.inappmessaging.internal.-$$Lambda$RateLimiterClient$Bv6jmaa2yEZO-bcsbZKbR9Ab0Sw -> com.google.firebase.inappmessaging.j0.u1:
    com.google.firebase.inappmessaging.internal.RateLimiterClient f$0 -> k
    com.google.firebase.inappmessaging.model.RateLimit f$1 -> l
    java.lang.Object apply(java.lang.Object) -> b
com.google.firebase.inappmessaging.internal.-$$Lambda$RateLimiterClient$IL9xQml3jVO84qpsPgVrVZwWHgM -> com.google.firebase.inappmessaging.j0.v1:
    com.google.firebase.inappmessaging.internal.RateLimiterClient f$0 -> k
    com.google.firebase.inappmessaging.model.RateLimit f$1 -> l
    boolean test(java.lang.Object) -> a
com.google.firebase.inappmessaging.internal.-$$Lambda$RateLimiterClient$Rkb-RzOD_2PtDTLPhJsuD06zQoo -> com.google.firebase.inappmessaging.j0.w1:
    com.google.firebase.inappmessaging.model.RateLimit f$1 -> l
    com.google.firebase.inappmessaging.internal.RateLimitProto$RateLimit f$0 -> k
    java.lang.Object apply(java.lang.Object) -> b