BTaskAndNote-IndividualDB/build/app/outputs/mapping/release/usage.txt
com.example.sharing_app.R$id
com.example.sharing_app.R$color
com.example.sharing_app.BuildConfig
com.example.sharing_app.R$interpolator
com.example.sharing_app.R$anim
com.example.sharing_app.R$mipmap
com.example.sharing_app.R$style
com.example.sharing_app.R$drawable
com.example.sharing_app.R
com.example.sharing_app.R$integer
com.example.sharing_app.R$attr
com.example.sharing_app.R$styleable
com.example.sharing_app.R$dimen
com.example.sharing_app.R$bool
com.example.sharing_app.R$string
com.example.sharing_app.R$layout
...
com.google.common.collect.MapMakerInternalMap$InternalEntryHelper
com.google.firebase.inappmessaging.display.dagger.multibindings.ClassKey
io.reactivex.internal.operators.flowable.FlowableReplay$Node
com.google.android.gms.common.internal.service.zam
com.google.developers.mobile.targeting.proto.ClientSignalsProto
org.checkerframework.checker.nullness.compatqual.PolyNullType
io.reactivex.internal.operators.flowable.FlowableDoOnLifecycle$SubscriptionLambdaSubscriber
androidx.appcompat.app.ToolbarActionBar$1
io.grpc.internal.InternalServer
com.google.gson.internal.$Gson$Types$WildcardTypeImpl:
    private static final long serialVersionUID
io.grpc.InternalManagedChannelProvider
com.google.firebase.internal.InternalTokenResult:
    public void <init>(java.lang.String)
    public java.lang.String getToken()
    public int hashCode()
    public boolean equals(java.lang.Object)
    public java.lang.String toString()
    private java.lang.String zza
com.google.firebase.R$color
com.google.gson.internal.bind.TreeTypeAdapter$GsonContextImpl:
    public com.google.gson.JsonElement serialize(java.lang.Object)
    public com.google.gson.JsonElement serialize(java.lang.Object,java.lang.reflect.Type)
    public java.lang.Object deserialize(com.google.gson.JsonElement,java.lang.reflect.Type)
com.google.common.graph.GraphConnections
com.google.common.collect.TreeRangeSet$SubRangeSetRangesByLowerBound
kotlin.SafePublicationLazyImpl$Companion
com.google.common.util.concurrent.CycleDetectingLockFactory$CycleDetectingReentrantReadWriteLock
kotlin.coroutines.experimental.migration.ExperimentalSuspendFunction2Migration
io.grpc.internal.AbstractClientStream:
    public final boolean isReady()
com.google.common.io.CharStreams
androidx.collection.SparseArrayCompat:
    public void delete(int)
    public boolean remove(int,java.lang.Object)
    public void removeAt(int)
    public void removeAtRange(int,int)
    public java.lang.Object replace(int,java.lang.Object)
    public boolean replace(int,java.lang.Object,java.lang.Object)
    public void putAll(androidx.collection.SparseArrayCompat)
    public java.lang.Object putIfAbsent(int,java.lang.Object)
    public boolean isEmpty()
    public void setValueAt(int,java.lang.Object)
    public int indexOfKey(int)
    public int indexOfValue(java.lang.Object)
    public boolean containsKey(int)
    public boolean containsValue(java.lang.Object)
com.google.common.collect.LinkedHashMultiset
io.reactivex.parallel.ParallelFlowable
io.grpc.HttpConnectProxiedSocketAddress:
    private static final long serialVersionUID
io.reactivex.internal.functions.Functions$EmptyLongConsumer:
    public void accept(long)
com.google.firestore.v1.TargetChange$TargetChangeType:
    public static com.google.firestore.v1.TargetChange$TargetChangeType valueOf(int)
    public static com.google.protobuf.Internal$EnumLiteMap internalGetValueMap()
    public static com.google.protobuf.Internal$EnumVerifier internalGetVerifier()
    public static final int NO_CHANGE_VALUE
    public static final int ADD_VALUE
    public static final int REMOVE_VALUE
    public static final int CURRENT_VALUE
    public static final int RESET_VALUE
com.google.common.collect.RegularImmutableList:
    boolean isPartialView()
com.google.protobuf.DoubleValue
androidx.fragment.app.FragmentManager$FragmentLifecycleCallbacks:
    public void <init>()
firebase.com.protolitewrapper.BuildConfig
com.squareup.okhttp.internal.http.HttpEngine$NetworkInterceptorChain
com.squareup.okhttp.Call$ApplicationInterceptorChain
io.reactivex.internal.operators.observable.ObservablePublish$PublishSource
io.reactivex.internal.operators.maybe.MaybeTakeUntilMaybe